2025-07-07 20:43:49,172 - INFO - 블루투스 모니터링 시작...
2025-07-07 20:43:49,172 - INFO - 타겟 디바이스: iPhone
2025-07-07 20:43:49,172 - INFO - RSSI 임계값: -70 dBm
2025-07-07 20:43:51,253 - INFO - 디바이스 발견: YS iPhone (RSSI: -59 dBm)
2025-07-07 20:43:54,292 - INFO - 디바이스 발견: YS iPhone (RSSI: -60 dBm)
2025-07-07 20:43:57,353 - INFO - 타겟 디바이스를 찾을 수 없습니다.
2025-07-07 20:44:00,394 - INFO - 타겟 디바이스를 찾을 수 없습니다.
2025-07-07 20:44:03,456 - INFO - 타겟 디바이스를 찾을 수 없습니다.
2025-07-07 20:44:06,500 - INFO - 타겟 디바이스를 찾을 수 없습니다.
2025-07-07 20:44:09,536 - INFO - 디바이스 발견: YS iPhone (RSSI: -62 dBm)
2025-07-07 20:44:12,596 - INFO - 타겟 디바이스를 찾을 수 없습니다.
2025-07-07 20:44:15,637 - INFO - 타겟 디바이스를 찾을 수 없습니다.
2025-07-07 20:44:18,690 - INFO - 디바이스 발견: YS iPhone (RSSI: -57 dBm)
2025-07-07 20:44:21,741 - INFO - 디바이스 발견: YS iPhone (RSSI: -52 dBm)
2025-07-07 20:44:24,790 - INFO - 타겟 디바이스를 찾을 수 없습니다.
2025-07-07 20:44:27,843 - INFO - 디바이스 발견: YS iPhone (RSSI: -61 dBm)
2025-07-07 20:44:30,885 - INFO - 디바이스 발견: YS iPhone (RSSI: -53 dBm)
2025-07-07 20:45:19,215 - INFO - 블루투스 모니터링 시작...
2025-07-07 20:45:19,216 - INFO - 타겟 디바이스: iPhone
2025-07-07 20:45:19,216 - INFO - RSSI 임계값: -70 dBm
2025-07-07 20:45:21,302 - INFO - 타겟 디바이스를 찾을 수 없습니다.
